{"meta": {"version": "7.4.0", "timestamp": "2024-01-02T22:27:41.063855", "branch_coverage": false, "show_contexts": false}, "files": {"signal_allocation/signal_allocation/signal_allocation.py": {"executed_lines": [1, 3, 4, 9, 10, 12, 15, 21, 22, 24, 27, 28, 29, 31, 34, 37, 40, 41, 42, 43, 44, 47, 48, 51, 52, 55, 56, 59, 60, 63, 64, 67, 69, 71, 72, 73, 74, 76, 79, 81, 82, 83, 84, 85, 87, 88, 89, 90, 93, 94, 96, 98, 101, 103, 105, 107, 109, 111, 113, 115, 117, 118, 119, 120, 121, 123, 125, 126, 127, 128, 130, 132, 134, 135, 136, 137, 138, 139, 140, 142], "summary": {"covered_lines": 78, "num_statements": 78, "percent_covered": 100.0, "percent_covered_display": "100", "missing_lines": 0, "excluded_lines": 0}, "missing_lines": [], "excluded_lines": []}, "signal_allocation/towers/towers.py": {"executed_lines": [1, 3, 4, 5, 6, 7, 8, 9, 12, 13, 15, 18, 21, 24, 27, 29, 31, 33, 35, 38, 39, 41, 44, 45, 46, 47, 49, 50, 51, 52, 54, 56, 57, 58, 59, 60, 61, 62, 63, 65, 67, 68, 69, 70, 72, 74, 75, 76, 77, 78, 79, 81, 83, 84, 85, 86, 87, 88, 89, 90, 91, 92, 94, 95, 96, 97, 98, 100, 101, 103, 105, 107, 109, 111, 113, 115, 116, 117, 118, 119, 120, 122, 124, 126, 127, 129, 130, 131, 132, 134, 146, 147], "summary": {"covered_lines": 89, "num_statements": 89, "percent_covered": 100.0, "percent_covered_display": "100", "missing_lines": 0, "excluded_lines": 0}, "missing_lines": [], "excluded_lines": []}}, "totals": {"covered_lines": 167, "num_statements": 167, "percent_covered": 100.0, "percent_covered_display": "100", "missing_lines": 0, "excluded_lines": 0}}